C51 COMPILER V9.60.7.0   LED                                                               07/30/2025 14:17:02 PAGE 1   


C51 COMPILER V9.60.7.0, COMPILATION OF MODULE LED
OBJECT MODULE PLACED IN .\Objects\led.obj
COMPILER INVOKED BY: C:\Keil_v5\C51\BIN\C51.EXE led.c OPTIMIZE(8,SPEED) BROWSE DEBUG OBJECTEXTEND PRINT(.\Listings\led.l
                    -st) TABS(2) OBJECT(.\Objects\led.obj)

line level    source

   1          #include <reg52.h>
   2          
   3          sbit led=P0^1;
   4          void delay();
   5          
   6          void TRANSMIT(unsigned char *s);
   7          void blink_led();
   8          
   9           int main()
  10           {
  11   1         unsigned char b;
  12   1        TMOD=0x20;
  13   1        SCON=0x50;
  14   1        TH1=0xfd;
  15   1        TR1=1;
  16   1       
  17   1        TRANSMIT("HEY SILICON");
  18   1        delay();
  19   1        
  20   1         while(1){
  21   2         while(RI==0);
  22   2         b=SBUF;
  23   2         RI=0;
  24   2        
  25   2        if(b == 'A' || b == 'a') {
  26   3      
  27   3          
  28   3                  blink_led();
  29   3          
  30   3          
  31   3              } else if(b == 'B' || b == 'b') {
  32   3                  led = 1;
  33   3              } else if(b == 'C' || b == 'c') {
  34   3                  led = 0;
  35   3              }
  36   2            
  37   2        SBUF=b ;     
  38   2        while(TI==0);
  39   2        TI=0;
  40   2            
  41   2         }
  42   1        return 0;
  43   1       }
  44           void TRANSMIT(unsigned char *s){
  45   1          
  46   1        while(*s){
  47   2          SBUF=*s++;
  48   2        while(TI==0);
  49   2        TI=0;
  50   2        
  51   2      
  52   2        } 
  53   1      }
  54           
C51 COMPILER V9.60.7.0   LED                                                               07/30/2025 14:17:02 PAGE 2   

  55           void delay(){
  56   1         int i;
  57   1        for(i=0;i<10000;i++){
  58   2         
  59   2        }
  60   1       }
  61           void blink_led(){
  62   1        
  63   1         led=1;
  64   1         delay();
  65   1        led=0;
  66   1        delay();
  67   1        
  68   1       }
*** WARNING C294 IN LINE 42 OF led.c: unreachable code


MODULE INFORMATION:   STATIC OVERLAYABLE
   CODE SIZE        =    150    ----
   CONSTANT SIZE    =     12    ----
   XDATA SIZE       =   ----    ----
   PDATA SIZE       =   ----    ----
   DATA SIZE        =   ----       4
   IDATA SIZE       =   ----    ----
   BIT SIZE         =   ----    ----
END OF MODULE INFORMATION.


C51 COMPILATION COMPLETE.  1 WARNING(S),  0 ERROR(S)
